<?xml version="1.0" encoding="UTF-8"?>
<!-- Generated by org.testng.reporters.JUnitXMLReporter -->
<testsuite ignored="4" hostname="IN-PG02NM6E" failures="0" tests="1" name="Default test" time="2.504" errors="0" timestamp="2023-09-21T12:54:47 IST">
  <testcase classname="RestAPI.Rest.Getn" name="testTemperatureRange" time="2.48"/>
  <testcase classname="RestAPI.Rest.Getn" name="testForecastInHourlyInterval" time="0.0">
    <ignored/>
  </testcase> <!-- testForecastInHourlyInterval -->
  <testcase classname="RestAPI.Rest.Getn" name="validateWeatherId800AndDescription" time="0.0">
    <ignored/>
  </testcase> <!-- validateWeatherId800AndDescription -->
  <testcase classname="RestAPI.Rest.Getn" name="validateWeatherId500AndDescription" time="0.0">
    <ignored/>
  </testcase> <!-- validateWeatherId500AndDescription -->
  <testcase classname="RestAPI.Rest.Getn" name="testResponseContains4DaysOfData" time="0.0">
    <ignored/>
  </testcase> <!-- testResponseContains4DaysOfData -->
</testsuite> <!-- Default test -->
