<?xml version="1.0" encoding="UTF-8"?>
<testng-results ignored="4" total="5" passed="1" failed="0" skipped="0">
  <reporter-output>
  </reporter-output>
  <suite started-at="2023-09-21T12:54:44 IST" name="Default suite" finished-at="2023-09-21T12:54:47 IST" duration-ms="2504">
    <groups>
    </groups>
    <test started-at="2023-09-21T12:54:44 IST" name="Default test" finished-at="2023-09-21T12:54:47 IST" duration-ms="2504">
      <class name="RestAPI.Rest.Getn">
        <test-method signature="testTemperatureRange()[pri:5, instance:RestAPI.Rest.Getn@69997e9d]" started-at="2023-09-21T12:54:44 IST" name="testTemperatureRange" finished-at="2023-09-21T12:54:47 IST" duration-ms="2480" status="PASS">
          <reporter-output>
          </reporter-output>
        </test-method> <!-- testTemperatureRange -->
      </class> <!-- RestAPI.Rest.Getn -->
    </test> <!-- Default test -->
  </suite> <!-- Default suite -->
</testng-results>
