<?xml version="1.0" encoding="UTF-8"?>
<testng-results ignored="0" total="5" passed="4" failed="1" skipped="0">
  <reporter-output>
  </reporter-output>
  <suite started-at="2023-09-21T15:45:55 IST" name="Default suite" finished-at="2023-09-21T15:46:03 IST" duration-ms="7749">
    <groups>
    </groups>
    <test started-at="2023-09-21T15:45:55 IST" name="Default test" finished-at="2023-09-21T15:46:03 IST" duration-ms="7749">
      <class name="RestAPI.Rest.Getn">
        <test-method signature="validateWeatherId500AndDescription()[pri:1, instance:RestAPI.Rest.Getn@932bc4a]" started-at="2023-09-21T15:45:55 IST" name="validateWeatherId500AndDescription" finished-at="2023-09-21T15:46:00 IST" duration-ms="4862" status="PASS">
          <reporter-output>
          </reporter-output>
        </test-method> <!-- validateWeatherId500AndDescription -->
        <test-method signature="validateWeatherId800AndDescription()[pri:2, instance:RestAPI.Rest.Getn@932bc4a]" started-at="2023-09-21T15:46:00 IST" name="validateWeatherId800AndDescription" finished-at="2023-09-21T15:46:01 IST" duration-ms="749" status="PASS">
          <reporter-output>
          </reporter-output>
        </test-method> <!-- validateWeatherId800AndDescription -->
        <test-method signature="testForecastInHourlyInterval()[pri:3, instance:RestAPI.Rest.Getn@932bc4a]" started-at="2023-09-21T15:46:01 IST" name="testForecastInHourlyInterval" finished-at="2023-09-21T15:46:02 IST" duration-ms="688" status="FAIL">
          <exception class="java.lang.ClassCastException">
            <message>
              <![CDATA[class java.util.LinkedHashMap cannot be cast to class java.lang.Integer (java.util.LinkedHashMap and java.lang.Integer are in module java.base of loader 'bootstrap')]]>
            </message>
            <full-stacktrace>
              <![CDATA[java.lang.ClassCastException: class java.util.LinkedHashMap cannot be cast to class java.lang.Integer (java.util.LinkedHashMap and java.lang.Integer are in module java.base of loader 'bootstrap')
at RestAPI.Rest.Getn.testForecastInHourlyInterval(Getn.java:66)
at java.base/jdk.internal.reflect.NativeMethodAccessorImpl.invoke0(Native Method)
at java.base/jdk.internal.reflect.NativeMethodAccessorImpl.invoke(NativeMethodAccessorImpl.java:62)
at java.base/jdk.internal.reflect.DelegatingMethodAccessorImpl.invoke(DelegatingMethodAccessorImpl.java:43)
at java.base/java.lang.reflect.Method.invoke(Method.java:566)
at org.testng.internal.MethodInvocationHelper.invokeMethod(MethodInvocationHelper.java:133)
at org.testng.internal.TestInvoker.invokeMethod(TestInvoker.java:598)
at org.testng.internal.TestInvoker.invokeTestMethod(TestInvoker.java:173)
at org.testng.internal.MethodRunner.runInSequence(MethodRunner.java:46)
at org.testng.internal.TestInvoker$MethodInvocationAgent.invoke(TestInvoker.java:824)
at org.testng.internal.TestInvoker.invokeTestMethods(TestInvoker.java:146)
at org.testng.internal.TestMethodWorker.invokeTestMethods(TestMethodWorker.java:146)
at org.testng.internal.TestMethodWorker.run(TestMethodWorker.java:128)
at java.base/java.util.ArrayList.forEach(ArrayList.java:1540)
at org.testng.TestRunner.privateRun(TestRunner.java:794)
at org.testng.TestRunner.run(TestRunner.java:596)
at org.testng.SuiteRunner.runTest(SuiteRunner.java:377)
at org.testng.SuiteRunner.runSequentially(SuiteRunner.java:371)
at org.testng.SuiteRunner.privateRun(SuiteRunner.java:332)
at org.testng.SuiteRunner.run(SuiteRunner.java:276)
at org.testng.SuiteRunnerWorker.runSuite(SuiteRunnerWorker.java:53)
at org.testng.SuiteRunnerWorker.run(SuiteRunnerWorker.java:96)
at org.testng.TestNG.runSuitesSequentially(TestNG.java:1212)
at org.testng.TestNG.runSuitesLocally(TestNG.java:1134)
at org.testng.TestNG.runSuites(TestNG.java:1063)
at org.testng.TestNG.run(TestNG.java:1031)
at org.testng.remote.AbstractRemoteTestNG.run(AbstractRemoteTestNG.java:115)
at org.testng.remote.RemoteTestNG.initAndRun(RemoteTestNG.java:251)
at org.testng.remote.RemoteTestNG.main(RemoteTestNG.java:77)
]]>
            </full-stacktrace>
          </exception> <!-- java.lang.ClassCastException -->
          <reporter-output>
          </reporter-output>
        </test-method> <!-- testForecastInHourlyInterval -->
        <test-method signature="testResponseContains4DaysOfData()[pri:4, instance:RestAPI.Rest.Getn@932bc4a]" started-at="2023-09-21T15:46:02 IST" name="testResponseContains4DaysOfData" finished-at="2023-09-21T15:46:02 IST" duration-ms="618" status="PASS">
          <reporter-output>
          </reporter-output>
        </test-method> <!-- testResponseContains4DaysOfData -->
        <test-method signature="testTemperatureRange()[pri:5, instance:RestAPI.Rest.Getn@932bc4a]" started-at="2023-09-21T15:46:02 IST" name="testTemperatureRange" finished-at="2023-09-21T15:46:03 IST" duration-ms="733" status="PASS">
          <reporter-output>
          </reporter-output>
        </test-method> <!-- testTemperatureRange -->
      </class> <!-- RestAPI.Rest.Getn -->
    </test> <!-- Default test -->
  </suite> <!-- Default suite -->
</testng-results>
